#6 [phpstan internal] load .dockerignore
#8 [phpstan internal] load build definition from test.Dockerfile
#10 [phpstan internal] load metadata for docker.io/library/composer:2.6.5
#12 [phpstan stage-0 1/9] FROM docker.io/library/php:8.1-fpm@sha256:da319be71181cfdd50e65fe07474fd9ec4e10e0ca6f33a4ec16c933919111bce
#16 [phpstan internal] load build context
#16 [phpstan internal] load build context
#16 [phpstan internal] load build context
#16 [phpstan internal] load build context
#16 [phpstan internal] load build context
#25 naming to docker.io/library/racks-phpstan
#25 naming to docker.io/library/racks-phpstan 0.1s done
 Container phpstan  Creating
 Container phpstan  Created
Attaching to backend-testing, db-testing, e2e-tests, frontend-testing, hub, phpstan, phpunit, pint, racks-selenium-1, racks-selenium-2
phpstan           | Note: Using configuration file /var/www/phpstan.neon.
phpstan           |    0/490 [░░░░░░░░░░░░░░░░░░░░░░░░░░░░]   0%[1G[2K  20/490 [▓░░░░░░░░░░░░░░░░░░░░░░░░░░░]   4%[1G[2K  60/490 [▓▓▓░░░░░░░░░░░░░░░░░░░░░░░░░]  12%[1G[2K  80/490 [▓▓▓▓░░░░░░░░░░░░░░░░░░░░░░░░]  16%[1G[2K 100/490 [▓▓▓▓▓░░░░░░░░░░░░░░░░░░░░░░░]  20%[1G[2K 160/490 [▓▓▓▓▓▓▓▓▓░░░░░░░░░░░░░░░░░░░]  32%[1G[2K 200/490 [▓▓▓▓▓▓▓▓▓▓▓░░░░░░░░░░░░░░░░░]  40%[1G[2K 260/490 [▓▓▓▓▓▓▓▓▓▓▓▓▓▓░░░░░░░░░░░░░░]  53%[1G[2K 360/490 [▓▓▓▓▓▓▓▓▓▓▓▓▓▓▓▓▓▓▓▓░░░░░░░░]  73%[1G[2K 400/490 [▓▓▓▓▓▓▓▓▓▓▓▓▓▓▓▓▓▓▓▓▓▓░░░░░░]  81%[1G[2K 420/490 [▓▓▓▓▓▓▓▓▓▓▓▓▓▓▓▓▓▓▓▓▓▓▓▓░░░░]  85%[1G[2K 430/490 [▓▓▓▓▓▓▓▓▓▓▓▓▓▓▓▓▓▓▓▓▓▓▓▓░░░░]  87%[1G[2K 450/490 [▓▓▓▓▓▓▓▓▓▓▓▓▓▓▓▓▓▓▓▓▓▓▓▓▓░░░]  91%[1G[2K 490/490 [▓▓▓▓▓▓▓▓▓▓▓▓▓▓▓▓▓▓▓▓▓▓▓▓▓▓▓▓] 100%
phpstan           | 
phpstan           | 
phpstan           |  [OK] No errors                                                                 
phpstan           | 
phpstan exited with code 0
